# JRE version: OpenJDK Runtime Environment (8.0_202-b03) (build 1.8.0_202-release-1483-b03)
# Java VM: OpenJDK 64-Bit Server VM (25.202-b03 mixed mode windows-amd64 compressed oops)
Heap:
 PSYoungGen      total 224768K, used 179999K [0x00000000e0000000, 0x00000000f1400000, 0x0000000100000000)
  eden space 187904K, 95% used [0x00000000e0000000,0x00000000eafc7d30,0x00000000eb780000)
  from space 36864K, 0% used [0x00000000eb780000,0x00000000eb780000,0x00000000edb80000)
  to   space 37888K, 0% used [0x00000000eef00000,0x00000000eef00000,0x00000000f1400000)
 ParOldGen       total 83968K, used 48328K [0x00000000a0000000, 0x00000000a5200000, 0x00000000e0000000)
  object space 83968K, 57% used [0x00000000a0000000,0x00000000a2f322e0,0x00000000a5200000)
 Metaspace       used 95789K, capacity 99836K, committed 103040K, reserved 1138688K
  class space    used 12163K, capacity 12930K, committed 13696K, reserved 1048576K
GC Heap History (10 events):
Event: 24049.750 GC heap before
{Heap before GC invocations=23 (full 3):
 PSYoungGen      total 232960K, used 232945K [0x00000000e0000000, 0x00000000f0080000, 0x0000000100000000)
  eden space 212480K, 100% used [0x00000000e0000000,0x00000000ecf80000,0x00000000ecf80000)
  from space 20480K, 99% used [0x00000000edb00000,0x00000000eeefc5a0,0x00000000eef00000)
  to   space 17920K, 0% used [0x00000000eef00000,0x00000000eef00000,0x00000000f0080000)
 ParOldGen       total 83968K, used 36324K [0x00000000a0000000, 0x00000000a5200000, 0x00000000e0000000)
  object space 83968K, 43% used [0x00000000a0000000,0x00000000a2379370,0x00000000a5200000)
 Metaspace       used 82135K, capacity 87582K, committed 87808K, reserved 1126400K
  class space    used 10609K, capacity 11519K, committed 11520K, reserved 1048576K
Event: 24049.861 GC heap after
Heap after GC invocations=23 (full 3):
 PSYoungGen      total 221696K, used 17899K [0x00000000e0000000, 0x00000000f0900000, 0x0000000100000000)
  eden space 203776K, 0% used [0x00000000e0000000,0x00000000e0000000,0x00000000ec700000)
  from space 17920K, 99% used [0x00000000eef00000,0x00000000f007ac08,0x00000000f0080000)
  to   space 33792K, 0% used [0x00000000ec700000,0x00000000ec700000,0x00000000ee800000)
 ParOldGen       total 83968K, used 57467K [0x00000000a0000000, 0x00000000a5200000, 0x00000000e0000000)
  object space 83968K, 68% used [0x00000000a0000000,0x00000000a381ec30,0x00000000a5200000)
 Metaspace       used 82135K, capacity 87582K, committed 87808K, reserved 1126400K
  class space    used 10609K, capacity 11519K, committed 11520K, reserved 1048576K
}
Event: 24095.853 GC heap before
{Heap before GC invocations=24 (full 3):
 PSYoungGen      total 221696K, used 221675K [0x00000000e0000000, 0x00000000f0900000, 0x0000000100000000)
  eden space 203776K, 100% used [0x00000000e0000000,0x00000000ec700000,0x00000000ec700000)
  from space 17920K, 99% used [0x00000000eef00000,0x00000000f007ac08,0x00000000f0080000)
  to   space 33792K, 0% used [0x00000000ec700000,0x00000000ec700000,0x00000000ee800000)
 ParOldGen       total 83968K, used 57467K [0x00000000a0000000, 0x00000000a5200000, 0x00000000e0000000)
  object space 83968K, 68% used [0x00000000a0000000,0x00000000a381ec30,0x00000000a5200000)
 Metaspace       used 85123K, capacity 90772K, committed 91008K, reserved 1128448K
  class space    used 10921K, capacity 11854K, committed 11904K, reserved 1048576K
Event: 24095.938 GC heap after
Heap after GC invocations=24 (full 3):
 PSYoungGen      total 216064K, used 20195K [0x00000000e0000000, 0x00000000f0200000, 0x0000000100000000)
  eden space 195584K, 0% used [0x00000000e0000000,0x00000000e0000000,0x00000000ebf00000)
  from space 20480K, 98% used [0x00000000ec700000,0x00000000edab8c60,0x00000000edb00000)
  to   space 34304K, 0% used [0x00000000ee080000,0x00000000ee080000,0x00000000f0200000)
 ParOldGen       total 83968K, used 62735K [0x00000000a0000000, 0x00000000a5200000, 0x00000000e0000000)
  object space 83968K, 74% used [0x00000000a0000000,0x00000000a3d43da0,0x00000000a5200000)
 Metaspace       used 85123K, capacity 90772K, committed 91008K, reserved 1128448K
  class space    used 10921K, capacity 11854K, committed 11904K, reserved 1048576K
}
Event: 24101.560 GC heap before
{Heap before GC invocations=25 (full 3):
 PSYoungGen      total 216064K, used 215779K [0x00000000e0000000, 0x00000000f0200000, 0x0000000100000000)
  eden space 195584K, 100% used [0x00000000e0000000,0x00000000ebf00000,0x00000000ebf00000)
  from space 20480K, 98% used [0x00000000ec700000,0x00000000edab8c60,0x00000000edb00000)
  to   space 34304K, 0% used [0x00000000ee080000,0x00000000ee080000,0x00000000f0200000)
 ParOldGen       total 83968K, used 62735K [0x00000000a0000000, 0x00000000a5200000, 0x00000000e0000000)
  object space 83968K, 74% used [0x00000000a0000000,0x00000000a3d43da0,0x00000000a5200000)
 Metaspace       used 90572K, capacity 96596K, committed 96768K, reserved 1132544K
  class space    used 11761K, capacity 12778K, committed 12800K, reserved 1048576K
Event: 24101.615 GC heap after
Heap after GC invocations=25 (full 3):
 PSYoungGen      total 219648K, used 27363K [0x00000000e0000000, 0x00000000eff80000, 0x0000000100000000)
  eden space 187904K, 0% used [0x00000000e0000000,0x00000000e0000000,0x00000000eb780000)
  from space 31744K, 86% used [0x00000000ee080000,0x00000000efb38c18,0x00000000eff80000)
  to   space 36864K, 0% used [0x00000000eb780000,0x00000000eb780000,0x00000000edb80000)
 ParOldGen       total 83968K, used 62743K [0x00000000a0000000, 0x00000000a5200000, 0x00000000e0000000)
  object space 83968K, 74% used [0x00000000a0000000,0x00000000a3d45da0,0x00000000a5200000)
 Metaspace       used 90572K, capacity 96596K, committed 96768K, reserved 1132544K
  class space    used 11761K, capacity 12778K, committed 12800K, reserved 1048576K
}
Event: 24103.204 GC heap before
{Heap before GC invocations=26 (full 3):
 PSYoungGen      total 219648K, used 47807K [0x00000000e0000000, 0x00000000eff80000, 0x0000000100000000)
  eden space 187904K, 10% used [0x00000000e0000000,0x00000000e13f7130,0x00000000eb780000)
  from space 31744K, 86% used [0x00000000ee080000,0x00000000efb38c18,0x00000000eff80000)
  to   space 36864K, 0% used [0x00000000eb780000,0x00000000eb780000,0x00000000edb80000)
 ParOldGen       total 83968K, used 62743K [0x00000000a0000000, 0x00000000a5200000, 0x00000000e0000000)
  object space 83968K, 74% used [0x00000000a0000000,0x00000000a3d45da0,0x00000000a5200000)
 Metaspace       used 91985K, capacity 98360K, committed 98496K, reserved 1134592K
  class space    used 11946K, capacity 12978K, committed 13056K, reserved 1048576K
Event: 24103.255 GC heap after
Heap after GC invocations=26 (full 3):
 PSYoungGen      total 224768K, used 24263K [0x00000000e0000000, 0x00000000f1400000, 0x0000000100000000)
  eden space 187904K, 0% used [0x00000000e0000000,0x00000000e0000000,0x00000000eb780000)
  from space 36864K, 65% used [0x00000000eb780000,0x00000000ecf31d50,0x00000000edb80000)
  to   space 37888K, 0% used [0x00000000eef00000,0x00000000eef00000,0x00000000f1400000)
 ParOldGen       total 83968K, used 62751K [0x00000000a0000000, 0x00000000a5200000, 0x00000000e0000000)
  object space 83968K, 74% used [0x00000000a0000000,0x00000000a3d47da0,0x00000000a5200000)
 Metaspace       used 91985K, capacity 98360K, committed 98496K, reserved 1134592K
  class space    used 11946K, capacity 12978K, committed 13056K, reserved 1048576K
}
Event: 24103.255 GC heap before
{Heap before GC invocations=27 (full 4):
 PSYoungGen      total 224768K, used 24263K [0x00000000e0000000, 0x00000000f1400000, 0x0000000100000000)
  eden space 187904K, 0% used [0x00000000e0000000,0x00000000e0000000,0x00000000eb780000)
  from space 36864K, 65% used [0x00000000eb780000,0x00000000ecf31d50,0x00000000edb80000)
  to   space 37888K, 0% used [0x00000000eef00000,0x00000000eef00000,0x00000000f1400000)
 ParOldGen       total 83968K, used 62751K [0x00000000a0000000, 0x00000000a5200000, 0x00000000e0000000)
  object space 83968K, 74% used [0x00000000a0000000,0x00000000a3d47da0,0x00000000a5200000)
 Metaspace       used 91985K, capacity 98360K, committed 98496K, reserved 1134592K
  class space    used 11946K, capacity 12978K, committed 13056K, reserved 1048576K
Event: 24103.760 GC heap after
Heap after GC invocations=27 (full 4):
 PSYoungGen      total 224768K, used 0K [0x00000000e0000000, 0x00000000f1400000, 0x0000000100000000)
  eden space 187904K, 0% used [0x00000000e0000000,0x00000000e0000000,0x00000000eb780000)
  from space 36864K, 0% used [0x00000000eb780000,0x00000000eb780000,0x00000000edb80000)
  to   space 37888K, 0% used [0x00000000eef00000,0x00000000eef00000,0x00000000f1400000)
 ParOldGen       total 83968K, used 48328K [0x00000000a0000000, 0x00000000a5200000, 0x00000000e0000000)
  object space 83968K, 57% used [0x00000000a0000000,0x00000000a2f322e0,0x00000000a5200000)
 Metaspace       used 89641K, capacity 93686K, committed 98496K, reserved 1134592K
  class space    used 11463K, capacity 12225K, committed 13056K, reserved 1048576K
}

